This is pdfTeX, Version 3.141592653-2.6-1.40.26 (MiKTeX 24.3 Portable) (preloaded format=pdflatex 2024.4.2)  15 JUN 2024 16:47
entering extended mode
 \write18 enabled.
 file:line:error style messages enabled.
 %&-line parsing enabled.
**c:/Users/ladis/Github/LaTeX-Templates/Notes/master.tex
(c:/Users/ladis/Github/LaTeX-Templates/Notes/master.tex
LaTeX2e <2023-11-01> patch level 1
L3 programming layer <2024-03-14>
(C:\Users\ladis\scoop\apps\miktex\current\texmfs\install\tex/latex/base\article.cls
Document Class: article 2023/05/17 v1.4n Standard LaTeX document class
(C:\Users\ladis\scoop\apps\miktex\current\texmfs\install\tex/latex/base\size10.clo
File: size10.clo 2023/05/17 v1.4n Standard LaTeX file (size option)
)
\c@part=\count188
\c@section=\count189
\c@subsection=\count190
\c@subsubsection=\count191
\c@paragraph=\count192
\c@subparagraph=\count193
\c@figure=\count194
\c@table=\count195
\abovecaptionskip=\skip48
\belowcaptionskip=\skip49
\bibindent=\dimen140
) (header.tex (C:\Users\ladis\scoop\apps\miktex\current\texmfs\install\tex/latex/base\inputenc.sty
Package: inputenc 2021/02/14 v1.3d Input encoding file
\inpenc@prehook=\toks17
\inpenc@posthook=\toks18
) (C:\Users\ladis\scoop\apps\miktex\current\texmfs\install\tex/latex/lm\lmodern.sty
Package: lmodern 2015/05/01 v1.6.1 Latin Modern Fonts
LaTeX Font Info:    Overwriting symbol font `operators' in version `normal'
(Font)                  OT1/cmr/m/n --> OT1/lmr/m/n on input line 22.
LaTeX Font Info:    Overwriting symbol font `letters' in version `normal'
(Font)                  OML/cmm/m/it --> OML/lmm/m/it on input line 23.
LaTeX Font Info:    Overwriting symbol font `symbols' in version `normal'
(Font)                  OMS/cmsy/m/n --> OMS/lmsy/m/n on input line 24.
LaTeX Font Info:    Overwriting symbol font `largesymbols' in version `normal'
(Font)                  OMX/cmex/m/n --> OMX/lmex/m/n on input line 25.
LaTeX Font Info:    Overwriting symbol font `operators' in version `bold'
(Font)                  OT1/cmr/bx/n --> OT1/lmr/bx/n on input line 26.
LaTeX Font Info:    Overwriting symbol font `letters' in version `bold'
(Font)                  OML/cmm/b/it --> OML/lmm/b/it on input line 27.
LaTeX Font Info:    Overwriting symbol font `symbols' in version `bold'
(Font)                  OMS/cmsy/b/n --> OMS/lmsy/b/n on input line 28.
LaTeX Font Info:    Overwriting symbol font `largesymbols' in version `bold'
(Font)                  OMX/cmex/m/n --> OMX/lmex/m/n on input line 29.
LaTeX Font Info:    Overwriting math alphabet `\mathbf' in version `normal'
(Font)                  OT1/cmr/bx/n --> OT1/lmr/bx/n on input line 31.
LaTeX Font Info:    Overwriting math alphabet `\mathsf' in version `normal'
(Font)                  OT1/cmss/m/n --> OT1/lmss/m/n on input line 32.
LaTeX Font Info:    Overwriting math alphabet `\mathit' in version `normal'
(Font)                  OT1/cmr/m/it --> OT1/lmr/m/it on input line 33.
LaTeX Font Info:    Overwriting math alphabet `\mathtt' in version `normal'
(Font)                  OT1/cmtt/m/n --> OT1/lmtt/m/n on input line 34.
LaTeX Font Info:    Overwriting math alphabet `\mathbf' in version `bold'
(Font)                  OT1/cmr/bx/n --> OT1/lmr/bx/n on input line 35.
LaTeX Font Info:    Overwriting math alphabet `\mathsf' in version `bold'
(Font)                  OT1/cmss/bx/n --> OT1/lmss/bx/n on input line 36.
LaTeX Font Info:    Overwriting math alphabet `\mathit' in version `bold'
(Font)                  OT1/cmr/bx/it --> OT1/lmr/bx/it on input line 37.
LaTeX Font Info:    Overwriting math alphabet `\mathtt' in version `bold'
(Font)                  OT1/cmtt/m/n --> OT1/lmtt/m/n on input line 38.
) (C:\Users\ladis\scoop\apps\miktex\current\texmfs\install\tex/latex/url\url.sty
\Urlmuskip=\muskip16
Package: url 2013/09/16  ver 3.4  Verb mode for urls, etc.
) (C:\Users\ladis\scoop\apps\miktex\current\texmfs\install\tex/latex/biblatex\biblatex.sty
Package: biblatex 2024/03/21 v3.20 programmable bibliographies (PK/MW)
 (C:\Users\ladis\scoop\apps\miktex\current\texmfs\install\tex/generic/pdftexcmds\pdftexcmds.sty
Package: pdftexcmds 2020-06-27 v0.33 Utility functions of pdfTeX for LuaTeX (HO)
 (C:\Users\ladis\scoop\apps\miktex\current\texmfs\install\tex/generic/infwarerr\infwarerr.sty
Package: infwarerr 2019/12/03 v1.5 Providing info/warning/error messages (HO)
) (C:\Users\ladis\scoop\apps\miktex\current\texmfs\install\tex/generic/iftex\iftex.sty
Package: iftex 2022/02/03 v1.0f TeX engine tests
) (C:\Users\ladis\scoop\apps\miktex\current\texmfs\install\tex/generic/ltxcmds\ltxcmds.sty
Package: ltxcmds 2023-12-04 v1.26 LaTeX kernel commands for general use (HO)
)
Package pdftexcmds Info: \pdf@primitive is available.
Package pdftexcmds Info: \pdf@ifprimitive is available.
Package pdftexcmds Info: \pdfdraftmode found.
) (C:\Users\ladis\scoop\apps\miktex\current\texmfs\install\tex/latex/etoolbox\etoolbox.sty
Package: etoolbox 2020/10/05 v2.5k e-TeX tools for LaTeX (JAW)
\etb@tempcnta=\count196
) (C:\Users\ladis\scoop\apps\miktex\current\texmfs\install\tex/latex/graphics\keyval.sty
Package: keyval 2022/05/29 v1.15 key=value parser (DPC)
\KV@toks@=\toks19
) (C:\Users\ladis\scoop\apps\miktex\current\texmfs\install\tex/latex/kvoptions\kvoptions.sty
Package: kvoptions 2022-06-15 v3.15 Key value format for package options (HO)
 (C:\Users\ladis\scoop\apps\miktex\current\texmfs\install\tex/latex/kvsetkeys\kvsetkeys.sty
Package: kvsetkeys 2022-10-05 v1.19 Key value parser (HO)
)) (C:\Users\ladis\scoop\apps\miktex\current\texmfs\install\tex/latex/logreq\logreq.sty
Package: logreq 2010/08/04 v1.0 xml request logger
\lrq@indent=\count197
 (C:\Users\ladis\scoop\apps\miktex\current\texmfs\install\tex/latex/logreq\logreq.def
File: logreq.def 2010/08/04 v1.0 logreq spec v1.0
)) (C:\Users\ladis\scoop\apps\miktex\current\texmfs\install\tex/latex/base\ifthen.sty
Package: ifthen 2022/04/13 v1.1d Standard LaTeX ifthen package (DPC)
)
\c@tabx@nest=\count198
\c@listtotal=\count199
\c@listcount=\count266
\c@liststart=\count267
\c@liststop=\count268
\c@citecount=\count269
\c@citetotal=\count270
\c@multicitecount=\count271
\c@multicitetotal=\count272
\c@instcount=\count273
\c@maxnames=\count274
\c@minnames=\count275
\c@maxitems=\count276
\c@minitems=\count277
\c@citecounter=\count278
\c@maxcitecounter=\count279
\c@savedcitecounter=\count280
\c@uniquelist=\count281
\c@uniquename=\count282
\c@refsection=\count283
\c@refsegment=\count284
\c@maxextratitle=\count285
\c@maxextratitleyear=\count286
\c@maxextraname=\count287
\c@maxextradate=\count288
\c@maxextraalpha=\count289
\c@abbrvpenalty=\count290
\c@highnamepenalty=\count291
\c@lownamepenalty=\count292
\c@maxparens=\count293
\c@parenlevel=\count294
\blx@tempcnta=\count295
\blx@tempcntb=\count296
\blx@tempcntc=\count297
\c@blx@maxsection=\count298
\blx@maxsegment@0=\count299
\blx@notetype=\count300
\blx@parenlevel@text=\count301
\blx@parenlevel@foot=\count302
\blx@sectionciteorder@0=\count303
\blx@sectionciteorderinternal@0=\count304
\blx@entrysetcounter=\count305
\blx@biblioinstance=\count306
\labelnumberwidth=\skip50
\labelalphawidth=\skip51
\biblabelsep=\skip52
\bibitemsep=\skip53
\bibnamesep=\skip54
\bibinitsep=\skip55
\bibparsep=\skip56
\bibhang=\skip57
\blx@bcfin=\read2
\blx@bcfout=\write3
\blx@langwohyphens=\language79
\c@mincomprange=\count307
\c@maxcomprange=\count308
\c@mincompwidth=\count309
Package biblatex Info: Trying to load biblatex default data model...
Package biblatex Info: ... file 'blx-dm.def' found.
 (C:\Users\ladis\scoop\apps\miktex\current\texmfs\install\tex/latex/biblatex\blx-dm.def
File: blx-dm.def 2024/03/21 v3.20 biblatex datamodel (PK/MW)
)
Package biblatex Info: Trying to load biblatex style data model...
Package biblatex Info: ... file 'alphabetic.dbx' not found.
Package biblatex Info: Trying to load biblatex custom data model...
Package biblatex Info: ... file 'biblatex-dm.cfg' not found.
\c@afterword=\count310
\c@savedafterword=\count311
\c@annotator=\count312
\c@savedannotator=\count313
\c@author=\count314
\c@savedauthor=\count315
\c@bookauthor=\count316
\c@savedbookauthor=\count317
\c@commentator=\count318
\c@savedcommentator=\count319
\c@editor=\count320
\c@savededitor=\count321
\c@editora=\count322
\c@savededitora=\count323
\c@editorb=\count324
\c@savededitorb=\count325
\c@editorc=\count326
\c@savededitorc=\count327
\c@foreword=\count328
\c@savedforeword=\count329
\c@holder=\count330
\c@savedholder=\count331
\c@introduction=\count332
\c@savedintroduction=\count333
\c@namea=\count334
\c@savednamea=\count335
\c@nameb=\count336
\c@savednameb=\count337
\c@namec=\count338
\c@savednamec=\count339
\c@translator=\count340
\c@savedtranslator=\count341
\c@shortauthor=\count342
\c@savedshortauthor=\count343
\c@shorteditor=\count344
\c@savedshorteditor=\count345
\c@labelname=\count346
\c@savedlabelname=\count347
\c@institution=\count348
\c@savedinstitution=\count349
\c@lista=\count350
\c@savedlista=\count351
\c@listb=\count352
\c@savedlistb=\count353
\c@listc=\count354
\c@savedlistc=\count355
\c@listd=\count356
\c@savedlistd=\count357
\c@liste=\count358
\c@savedliste=\count359
\c@listf=\count360
\c@savedlistf=\count361
\c@location=\count362
\c@savedlocation=\count363
\c@organization=\count364
\c@savedorganization=\count365
\c@origlocation=\count366
\c@savedoriglocation=\count367
\c@origpublisher=\count368
\c@savedorigpublisher=\count369
\c@publisher=\count370
\c@savedpublisher=\count371
\c@language=\count372
\c@savedlanguage=\count373
\c@origlanguage=\count374
\c@savedoriglanguage=\count375
\c@pageref=\count376
\c@savedpageref=\count377
\shorthandwidth=\skip58
\shortjournalwidth=\skip59
\shortserieswidth=\skip60
\shorttitlewidth=\skip61
\shortauthorwidth=\skip62
\shorteditorwidth=\skip63
\locallabelnumberwidth=\skip64
\locallabelalphawidth=\skip65
\localshorthandwidth=\skip66
\localshortjournalwidth=\skip67
\localshortserieswidth=\skip68
\localshorttitlewidth=\skip69
\localshortauthorwidth=\skip70
\localshorteditorwidth=\skip71
Package biblatex Info: Trying to load compatibility code...
Package biblatex Info: ... file 'blx-compat.def' found.
 (C:\Users\ladis\scoop\apps\miktex\current\texmfs\install\tex/latex/biblatex\blx-compat.def
File: blx-compat.def 2024/03/21 v3.20 biblatex compatibility (PK/MW)
)
Package biblatex Info: Trying to load generic definitions...
Package biblatex Info: ... file 'biblatex.def' found.
 (C:\Users\ladis\scoop\apps\miktex\current\texmfs\install\tex/latex/biblatex\biblatex.def
File: biblatex.def 2024/03/21 v3.20 biblatex compatibility (PK/MW)
\c@textcitecount=\count378
\c@textcitetotal=\count379
\c@textcitemaxnames=\count380
\c@biburlbigbreakpenalty=\count381
\c@biburlbreakpenalty=\count382
\c@biburlnumpenalty=\count383
\c@biburlucpenalty=\count384
\c@biburllcpenalty=\count385
\biburlbigskip=\muskip17
\biburlnumskip=\muskip18
\biburlucskip=\muskip19
\biburllcskip=\muskip20
\c@smartand=\count386
)
Package biblatex Info: Trying to load bibliography style 'alphabetic'...
Package biblatex Info: ... file 'alphabetic.bbx' found.
 (C:\Users\ladis\scoop\apps\miktex\current\texmfs\install\tex/latex/biblatex/bbx\alphabetic.bbx
File: alphabetic.bbx 2024/03/21 v3.20 biblatex bibliography style (PK/MW)
Package biblatex Info: Trying to load bibliography style 'standard'...
Package biblatex Info: ... file 'standard.bbx' found.
 (C:\Users\ladis\scoop\apps\miktex\current\texmfs\install\tex/latex/biblatex/bbx\standard.bbx
File: standard.bbx 2024/03/21 v3.20 biblatex bibliography style (PK/MW)
\c@bbx:relatedcount=\count387
\c@bbx:relatedtotal=\count388
))
Package biblatex Info: Trying to load citation style 'alphabetic'...
Package biblatex Info: ... file 'alphabetic.cbx' found.
 (C:\Users\ladis\scoop\apps\miktex\current\texmfs\install\tex/latex/biblatex/cbx\alphabetic.cbx
File: alphabetic.cbx 2024/03/21 v3.20 biblatex citation style (PK/MW)
Package biblatex Info: Redefining '\cite'.
Package biblatex Info: Redefining '\parencite'.
Package biblatex Info: Redefining '\footcite'.
Package biblatex Info: Redefining '\footcitetext'.
Package biblatex Info: Redefining '\smartcite'.
Package biblatex Info: Redefining '\textcite'.
Package biblatex Info: Redefining '\textcites'.
Package biblatex Info: Redefining '\cites'.
Package biblatex Info: Redefining '\parencites'.
Package biblatex Info: Redefining '\smartcites'.
)
Package biblatex Info: Trying to load configuration file...
Package biblatex Info: ... file 'biblatex.cfg' found.
 (C:\Users\ladis\scoop\apps\miktex\current\texmfs\install\tex/latex/biblatex\biblatex.cfg
File: biblatex.cfg 
)
Package biblatex Info: Input encoding 'utf8' detected.
Package biblatex Info: Document encoding is UTF8 ....
 (C:\Users\ladis\scoop\apps\miktex\current\texmfs\install\tex/latex/l3kernel\expl3.sty
Package: expl3 2024-03-14 L3 programming layer (loader) 
 (C:\Users\ladis\scoop\apps\miktex\current\texmfs\install\tex/latex/l3backend\l3backend-pdftex.def
File: l3backend-pdftex.def 2024-03-14 L3 backend support: PDF output (pdfTeX)
\l__color_backend_stack_int=\count389
\l__pdf_internal_box=\box51
))
Package biblatex Info: ... and expl3
(biblatex)             2024-03-14 L3 programming layer (loader) 
(biblatex)             is new enough (at least 2020/04/06),
(biblatex)             setting 'casechanger=expl3'.
 (C:\Users\ladis\scoop\apps\miktex\current\texmfs\install\tex/latex/biblatex\blx-case-expl3.sty (C:\Users\ladis\scoop\apps\miktex\current\texmfs\install\tex/latex/l3packages/xparse\xparse.sty
Package: xparse 2024-03-14 L3 Experimental document command parser
)
Package: blx-case-expl3 2024/03/21 v3.20 expl3 case changing code for biblatex
)) (C:\Users\ladis\scoop\apps\miktex\current\texmfs\install\tex/latex/hyperref\hyperref.sty
Package: hyperref 2024-01-20 v7.01h Hypertext links for LaTeX
 (C:\Users\ladis\scoop\apps\miktex\current\texmfs\install\tex/generic/kvdefinekeys\kvdefinekeys.sty
Package: kvdefinekeys 2019-12-19 v1.6 Define keys (HO)
) (C:\Users\ladis\scoop\apps\miktex\current\texmfs\install\tex/generic/pdfescape\pdfescape.sty
Package: pdfescape 2019/12/09 v1.15 Implements pdfTeX's escape features (HO)
) (C:\Users\ladis\scoop\apps\miktex\current\texmfs\install\tex/latex/hycolor\hycolor.sty
Package: hycolor 2020-01-27 v1.10 Color options for hyperref/bookmark (HO)
) (C:\Users\ladis\scoop\apps\miktex\current\texmfs\install\tex/latex/auxhook\auxhook.sty
Package: auxhook 2019-12-17 v1.6 Hooks for auxiliary files (HO)
) (C:\Users\ladis\scoop\apps\miktex\current\texmfs\install\tex/latex/hyperref\nameref.sty
Package: nameref 2023-11-26 v2.56 Cross-referencing by name of section
 (C:\Users\ladis\scoop\apps\miktex\current\texmfs\install\tex/latex/refcount\refcount.sty
Package: refcount 2019/12/15 v3.6 Data extraction from label references (HO)
) (C:\Users\ladis\scoop\apps\miktex\current\texmfs\install\tex/generic/gettitlestring\gettitlestring.sty
Package: gettitlestring 2019/12/15 v1.6 Cleanup title references (HO)
)
\c@section@level=\count390
)
\@linkdim=\dimen141
\Hy@linkcounter=\count391
\Hy@pagecounter=\count392
 (C:\Users\ladis\scoop\apps\miktex\current\texmfs\install\tex/latex/hyperref\pd1enc.def
File: pd1enc.def 2024-01-20 v7.01h Hyperref: PDFDocEncoding definition (HO)
Now handling font encoding PD1 ...
... no UTF-8 mapping file for font encoding PD1
) (C:\Users\ladis\scoop\apps\miktex\current\texmfs\install\tex/generic/intcalc\intcalc.sty
Package: intcalc 2019/12/15 v1.3 Expandable calculations with integers (HO)
)
\Hy@SavedSpaceFactor=\count393
 (C:\Users\ladis\scoop\apps\miktex\current\texmfs\install\tex/latex/hyperref\puenc.def
File: puenc.def 2024-01-20 v7.01h Hyperref: PDF Unicode definition (HO)
Now handling font encoding PU ...
... no UTF-8 mapping file for font encoding PU
)
Package hyperref Info: Option `colorlinks' set `true' on input line 4062.
Package hyperref Info: Option `pdfusetitle' set `true' on input line 4062.
Package hyperref Info: Hyper figures OFF on input line 4179.
Package hyperref Info: Link nesting OFF on input line 4184.
Package hyperref Info: Hyper index ON on input line 4187.
Package hyperref Info: Plain pages OFF on input line 4194.
Package hyperref Info: Backreferencing OFF on input line 4199.
Package hyperref Info: Implicit mode ON; LaTeX internals redefined.
Package hyperref Info: Bookmarks ON on input line 4446.
\c@Hy@tempcnt=\count394
LaTeX Info: Redefining \url on input line 4784.
\XeTeXLinkMargin=\dimen142
 (C:\Users\ladis\scoop\apps\miktex\current\texmfs\install\tex/generic/bitset\bitset.sty
Package: bitset 2019/12/09 v1.3 Handle bit-vector datatype (HO)
 (C:\Users\ladis\scoop\apps\miktex\current\texmfs\install\tex/generic/bigintcalc\bigintcalc.sty
Package: bigintcalc 2019/12/15 v1.5 Expandable calculations on big integers (HO)
))
\Fld@menulength=\count395
\Field@Width=\dimen143
\Fld@charsize=\dimen144
Package hyperref Info: Hyper figures OFF on input line 6063.
Package hyperref Info: Link nesting OFF on input line 6068.
Package hyperref Info: Hyper index ON on input line 6071.
Package hyperref Info: backreferencing OFF on input line 6078.
Package hyperref Info: Link coloring ON on input line 6081.
Package hyperref Info: Link coloring with OCG OFF on input line 6088.
Package hyperref Info: PDF/A mode OFF on input line 6093.
 (C:\Users\ladis\scoop\apps\miktex\current\texmfs\install\tex/latex/base\atbegshi-ltx.sty
Package: atbegshi-ltx 2021/01/10 v1.0c Emulation of the original atbegshi
package with kernel methods
)
\Hy@abspage=\count396
\c@Item=\count397
\c@Hfootnote=\count398
)
Package hyperref Info: Driver (autodetected): hpdftex.
 (C:\Users\ladis\scoop\apps\miktex\current\texmfs\install\tex/latex/hyperref\hpdftex.def
File: hpdftex.def 2024-01-20 v7.01h Hyperref driver for pdfTeX
 (C:\Users\ladis\scoop\apps\miktex\current\texmfs\install\tex/latex/base\atveryend-ltx.sty
Package: atveryend-ltx 2020/08/19 v1.0a Emulation of the original atveryend package
with kernel methods
)
\Fld@listcount=\count399
\c@bookmark@seq@number=\count400
 (C:\Users\ladis\scoop\apps\miktex\current\texmfs\install\tex/latex/rerunfilecheck\rerunfilecheck.sty
Package: rerunfilecheck 2022-07-10 v1.10 Rerun checks for auxiliary files (HO)
 (C:\Users\ladis\scoop\apps\miktex\current\texmfs\install\tex/generic/uniquecounter\uniquecounter.sty
Package: uniquecounter 2019/12/15 v1.4 Provide unlimited unique counter (HO)
)
Package uniquecounter Info: New unique counter `rerunfilecheck' on input line 285.
)
\Hy@SectionHShift=\skip72
) (C:\Users\ladis\scoop\apps\miktex\current\texmfs\install\tex/latex/graphics\graphicx.sty
Package: graphicx 2021/09/16 v1.2d Enhanced LaTeX Graphics (DPC,SPQR)
 (C:\Users\ladis\scoop\apps\miktex\current\texmfs\install\tex/latex/graphics\graphics.sty
Package: graphics 2022/03/10 v1.4e Standard LaTeX Graphics (DPC,SPQR)
 (C:\Users\ladis\scoop\apps\miktex\current\texmfs\install\tex/latex/graphics\trig.sty
Package: trig 2021/08/11 v1.11 sin cos tan (DPC)
) (C:\Users\ladis\scoop\apps\miktex\current\texmfs\install\tex/latex/graphics-cfg\graphics.cfg
File: graphics.cfg 2016/06/04 v1.11 sample graphics configuration
)
Package graphics Info: Driver file: pdftex.def on input line 107.
 (C:\Users\ladis\scoop\apps\miktex\current\texmfs\install\tex/latex/graphics-def\pdftex.def
File: pdftex.def 2022/09/22 v1.2b Graphics/color driver for pdftex
))
\Gin@req@height=\dimen145
\Gin@req@width=\dimen146
) (C:\Users\ladis\scoop\apps\miktex\current\texmfs\install\tex/latex/booktabs\booktabs.sty
Package: booktabs 2020/01/12 v1.61803398 Publication quality tables
\heavyrulewidth=\dimen147
\lightrulewidth=\dimen148
\cmidrulewidth=\dimen149
\belowrulesep=\dimen150
\belowbottomsep=\dimen151
\aboverulesep=\dimen152
\abovetopsep=\dimen153
\cmidrulesep=\dimen154
\cmidrulekern=\dimen155
\defaultaddspace=\dimen156
\@cmidla=\count401
\@cmidlb=\count402
\@aboverulesep=\dimen157
\@belowrulesep=\dimen158
\@thisruleclass=\count403
\@lastruleclass=\count404
\@thisrulewidth=\dimen159
) (C:\Users\ladis\scoop\apps\miktex\current\texmfs\install\tex/latex/caption\subcaption.sty
Package: subcaption 2023/07/28 v1.6b Sub-captions (AR)
 (C:\Users\ladis\scoop\apps\miktex\current\texmfs\install\tex/latex/caption\caption.sty
Package: caption 2023/08/05 v3.6o Customizing captions (AR)
 (C:\Users\ladis\scoop\apps\miktex\current\texmfs\install\tex/latex/caption\caption3.sty
Package: caption3 2023/07/31 v2.4d caption3 kernel (AR)
\caption@tempdima=\dimen160
\captionmargin=\dimen161
\caption@leftmargin=\dimen162
\caption@rightmargin=\dimen163
\caption@width=\dimen164
\caption@indent=\dimen165
\caption@parindent=\dimen166
\caption@hangindent=\dimen167
Package caption Info: Standard document class detected.
)
\c@caption@flags=\count405
\c@continuedfloat=\count406
Package caption Info: hyperref package is loaded.
)
Package caption Info: New subtype `subfigure' on input line 238.
\c@subfigure=\count407
Package caption Info: New subtype `subtable' on input line 238.
\c@subtable=\count408
) (C:\Users\ladis\scoop\apps\miktex\current\texmfs\install\tex/latex/xcolor\xcolor.sty
Package: xcolor 2023/11/15 v3.01 LaTeX color extensions (UK)
 (C:\Users\ladis\scoop\apps\miktex\current\texmfs\install\tex/latex/graphics-cfg\color.cfg
File: color.cfg 2016/01/02 v1.6 sample color configuration
)

Package xcolor Warning: Package option `usenames' is obsolete and ignored on input line 266.

Package xcolor Info: Driver file: pdftex.def on input line 274.
(C:\Users\ladis\scoop\apps\miktex\current\texmfs\install\tex/latex/graphics\mathcolor.ltx)
Package xcolor Info: Model `cmy' substituted by `cmy0' on input line 1350.
Package xcolor Info: Model `hsb' substituted by `rgb' on input line 1354.
Package xcolor Info: Model `RGB' extended on input line 1366.
Package xcolor Info: Model `HTML' substituted by `rgb' on input line 1368.
Package xcolor Info: Model `Hsb' substituted by `hsb' on input line 1369.
Package xcolor Info: Model `tHsb' substituted by `hsb' on input line 1370.
Package xcolor Info: Model `HSB' substituted by `hsb' on input line 1371.
Package xcolor Info: Model `Gray' substituted by `gray' on input line 1372.
Package xcolor Info: Model `wave' substituted by `hsb' on input line 1373.
) (C:\Users\ladis\scoop\apps\miktex\current\texmfs\install\tex/latex/graphics\dvipsnam.def
File: dvipsnam.def 2016/06/17 v3.0m Driver-dependent file (DPC,SPQR)
) (C:\Users\ladis\Github/LaTeX-Templates/Math.tex (C:\Users\ladis\scoop\apps\miktex\current\texmfs\install\tex/latex/tikz-cd\tikz-cd.sty
Package: tikz-cd 2021/05/04 v1.0 Commutative diagrams with TikZ
 (C:\Users\ladis\scoop\apps\miktex\current\texmfs\install\tex/latex/pgf/frontendlayer\tikz.sty (C:\Users\ladis\scoop\apps\miktex\current\texmfs\install\tex/latex/pgf/basiclayer\pgf.sty (C:\Users\ladis\scoop\apps\miktex\current\texmfs\install\tex/latex/pgf/utilities\pgfrcs.sty (C:\Users\ladis\scoop\apps\miktex\current\texmfs\install\tex/generic/pgf/utilities\pgfutil-common.tex
\pgfutil@everybye=\toks20
\pgfutil@tempdima=\dimen168
\pgfutil@tempdimb=\dimen169
) (C:\Users\ladis\scoop\apps\miktex\current\texmfs\install\tex/generic/pgf/utilities\pgfutil-latex.def
\pgfutil@abb=\box52
) (C:\Users\ladis\scoop\apps\miktex\current\texmfs\install\tex/generic/pgf/utilities\pgfrcs.code.tex (C:\Users\ladis\scoop\apps\miktex\current\texmfs\install\tex/generic/pgf\pgf.revision.tex)
Package: pgfrcs 2023-01-15 v3.1.10 (3.1.10)
))
Package: pgf 2023-01-15 v3.1.10 (3.1.10)
 (C:\Users\ladis\scoop\apps\miktex\current\texmfs\install\tex/latex/pgf/basiclayer\pgfcore.sty (C:\Users\ladis\scoop\apps\miktex\current\texmfs\install\tex/latex/pgf/systemlayer\pgfsys.sty (C:\Users\ladis\scoop\apps\miktex\current\texmfs\install\tex/generic/pgf/systemlayer\pgfsys.code.tex
Package: pgfsys 2023-01-15 v3.1.10 (3.1.10)
 (C:\Users\ladis\scoop\apps\miktex\current\texmfs\install\tex/generic/pgf/utilities\pgfkeys.code.tex
\pgfkeys@pathtoks=\toks21
\pgfkeys@temptoks=\toks22
 (C:\Users\ladis\scoop\apps\miktex\current\texmfs\install\tex/generic/pgf/utilities\pgfkeyslibraryfiltered.code.tex
\pgfkeys@tmptoks=\toks23
))
\pgf@x=\dimen170
\pgf@y=\dimen171
\pgf@xa=\dimen172
\pgf@ya=\dimen173
\pgf@xb=\dimen174
\pgf@yb=\dimen175
\pgf@xc=\dimen176
\pgf@yc=\dimen177
\pgf@xd=\dimen178
\pgf@yd=\dimen179
\w@pgf@writea=\write4
\r@pgf@reada=\read3
\c@pgf@counta=\count409
\c@pgf@countb=\count410
\c@pgf@countc=\count411
\c@pgf@countd=\count412
\t@pgf@toka=\toks24
\t@pgf@tokb=\toks25
\t@pgf@tokc=\toks26
\pgf@sys@id@count=\count413
 (C:\Users\ladis\scoop\apps\miktex\current\texmfs\install\tex/generic/pgf/systemlayer\pgf.cfg
File: pgf.cfg 2023-01-15 v3.1.10 (3.1.10)
)
Driver file for pgf: pgfsys-pdftex.def
 (C:\Users\ladis\scoop\apps\miktex\current\texmfs\install\tex/generic/pgf/systemlayer\pgfsys-pdftex.def
File: pgfsys-pdftex.def 2023-01-15 v3.1.10 (3.1.10)
 (C:\Users\ladis\scoop\apps\miktex\current\texmfs\install\tex/generic/pgf/systemlayer\pgfsys-common-pdf.def
File: pgfsys-common-pdf.def 2023-01-15 v3.1.10 (3.1.10)
))) (C:\Users\ladis\scoop\apps\miktex\current\texmfs\install\tex/generic/pgf/systemlayer\pgfsyssoftpath.code.tex
File: pgfsyssoftpath.code.tex 2023-01-15 v3.1.10 (3.1.10)
\pgfsyssoftpath@smallbuffer@items=\count414
\pgfsyssoftpath@bigbuffer@items=\count415
) (C:\Users\ladis\scoop\apps\miktex\current\texmfs\install\tex/generic/pgf/systemlayer\pgfsysprotocol.code.tex
File: pgfsysprotocol.code.tex 2023-01-15 v3.1.10 (3.1.10)
)) (C:\Users\ladis\scoop\apps\miktex\current\texmfs\install\tex/generic/pgf/basiclayer\pgfcore.code.tex
Package: pgfcore 2023-01-15 v3.1.10 (3.1.10)
 (C:\Users\ladis\scoop\apps\miktex\current\texmfs\install\tex/generic/pgf/math\pgfmath.code.tex (C:\Users\ladis\scoop\apps\miktex\current\texmfs\install\tex/generic/pgf/math\pgfmathutil.code.tex) (C:\Users\ladis\scoop\apps\miktex\current\texmfs\install\tex/generic/pgf/math\pgfmathparser.code.tex
\pgfmath@dimen=\dimen180
\pgfmath@count=\count416
\pgfmath@box=\box53
\pgfmath@toks=\toks27
\pgfmath@stack@operand=\toks28
\pgfmath@stack@operation=\toks29
) (C:\Users\ladis\scoop\apps\miktex\current\texmfs\install\tex/generic/pgf/math\pgfmathfunctions.code.tex) (C:\Users\ladis\scoop\apps\miktex\current\texmfs\install\tex/generic/pgf/math\pgfmathfunctions.basic.code.tex) (C:\Users\ladis\scoop\apps\miktex\current\texmfs\install\tex/generic/pgf/math\pgfmathfunctions.trigonometric.code.tex) (C:\Users\ladis\scoop\apps\miktex\current\texmfs\install\tex/generic/pgf/math\pgfmathfunctions.random.code.tex) (C:\Users\ladis\scoop\apps\miktex\current\texmfs\install\tex/generic/pgf/math\pgfmathfunctions.comparison.code.tex) (C:\Users\ladis\scoop\apps\miktex\current\texmfs\install\tex/generic/pgf/math\pgfmathfunctions.base.code.tex) (C:\Users\ladis\scoop\apps\miktex\current\texmfs\install\tex/generic/pgf/math\pgfmathfunctions.round.code.tex) (C:\Users\ladis\scoop\apps\miktex\current\texmfs\install\tex/generic/pgf/math\pgfmathfunctions.misc.code.tex) (C:\Users\ladis\scoop\apps\miktex\current\texmfs\install\tex/generic/pgf/math\pgfmathfunctions.integerarithmetics.code.tex) (C:\Users\ladis\scoop\apps\miktex\current\texmfs\install\tex/generic/pgf/math\pgfmathcalc.code.tex) (C:\Users\ladis\scoop\apps\miktex\current\texmfs\install\tex/generic/pgf/math\pgfmathfloat.code.tex
\c@pgfmathroundto@lastzeros=\count417
)) (C:\Users\ladis\scoop\apps\miktex\current\texmfs\install\tex/generic/pgf/math\pgfint.code.tex) (C:\Users\ladis\scoop\apps\miktex\current\texmfs\install\tex/generic/pgf/basiclayer\pgfcorepoints.code.tex
File: pgfcorepoints.code.tex 2023-01-15 v3.1.10 (3.1.10)
\pgf@picminx=\dimen181
\pgf@picmaxx=\dimen182
\pgf@picminy=\dimen183
\pgf@picmaxy=\dimen184
\pgf@pathminx=\dimen185
\pgf@pathmaxx=\dimen186
\pgf@pathminy=\dimen187
\pgf@pathmaxy=\dimen188
\pgf@xx=\dimen189
\pgf@xy=\dimen190
\pgf@yx=\dimen191
\pgf@yy=\dimen192
\pgf@zx=\dimen193
\pgf@zy=\dimen194
) (C:\Users\ladis\scoop\apps\miktex\current\texmfs\install\tex/generic/pgf/basiclayer\pgfcorepathconstruct.code.tex
File: pgfcorepathconstruct.code.tex 2023-01-15 v3.1.10 (3.1.10)
\pgf@path@lastx=\dimen195
\pgf@path@lasty=\dimen196
) (C:\Users\ladis\scoop\apps\miktex\current\texmfs\install\tex/generic/pgf/basiclayer\pgfcorepathusage.code.tex
File: pgfcorepathusage.code.tex 2023-01-15 v3.1.10 (3.1.10)
\pgf@shorten@end@additional=\dimen197
\pgf@shorten@start@additional=\dimen198
) (C:\Users\ladis\scoop\apps\miktex\current\texmfs\install\tex/generic/pgf/basiclayer\pgfcorescopes.code.tex
File: pgfcorescopes.code.tex 2023-01-15 v3.1.10 (3.1.10)
\pgfpic=\box54
\pgf@hbox=\box55
\pgf@layerbox@main=\box56
\pgf@picture@serial@count=\count418
) (C:\Users\ladis\scoop\apps\miktex\current\texmfs\install\tex/generic/pgf/basiclayer\pgfcoregraphicstate.code.tex
File: pgfcoregraphicstate.code.tex 2023-01-15 v3.1.10 (3.1.10)
\pgflinewidth=\dimen199
) (C:\Users\ladis\scoop\apps\miktex\current\texmfs\install\tex/generic/pgf/basiclayer\pgfcoretransformations.code.tex
File: pgfcoretransformations.code.tex 2023-01-15 v3.1.10 (3.1.10)
\pgf@pt@x=\dimen256
\pgf@pt@y=\dimen257
\pgf@pt@temp=\dimen258
) (C:\Users\ladis\scoop\apps\miktex\current\texmfs\install\tex/generic/pgf/basiclayer\pgfcorequick.code.tex
File: pgfcorequick.code.tex 2023-01-15 v3.1.10 (3.1.10)
) (C:\Users\ladis\scoop\apps\miktex\current\texmfs\install\tex/generic/pgf/basiclayer\pgfcoreobjects.code.tex
File: pgfcoreobjects.code.tex 2023-01-15 v3.1.10 (3.1.10)
) (C:\Users\ladis\scoop\apps\miktex\current\texmfs\install\tex/generic/pgf/basiclayer\pgfcorepathprocessing.code.tex
File: pgfcorepathprocessing.code.tex 2023-01-15 v3.1.10 (3.1.10)
) (C:\Users\ladis\scoop\apps\miktex\current\texmfs\install\tex/generic/pgf/basiclayer\pgfcorearrows.code.tex
File: pgfcorearrows.code.tex 2023-01-15 v3.1.10 (3.1.10)
\pgfarrowsep=\dimen259
) (C:\Users\ladis\scoop\apps\miktex\current\texmfs\install\tex/generic/pgf/basiclayer\pgfcoreshade.code.tex
File: pgfcoreshade.code.tex 2023-01-15 v3.1.10 (3.1.10)
\pgf@max=\dimen260
\pgf@sys@shading@range@num=\count419
\pgf@shadingcount=\count420
) (C:\Users\ladis\scoop\apps\miktex\current\texmfs\install\tex/generic/pgf/basiclayer\pgfcoreimage.code.tex
File: pgfcoreimage.code.tex 2023-01-15 v3.1.10 (3.1.10)
) (C:\Users\ladis\scoop\apps\miktex\current\texmfs\install\tex/generic/pgf/basiclayer\pgfcoreexternal.code.tex
File: pgfcoreexternal.code.tex 2023-01-15 v3.1.10 (3.1.10)
\pgfexternal@startupbox=\box57
) (C:\Users\ladis\scoop\apps\miktex\current\texmfs\install\tex/generic/pgf/basiclayer\pgfcorelayers.code.tex
File: pgfcorelayers.code.tex 2023-01-15 v3.1.10 (3.1.10)
) (C:\Users\ladis\scoop\apps\miktex\current\texmfs\install\tex/generic/pgf/basiclayer\pgfcoretransparency.code.tex
File: pgfcoretransparency.code.tex 2023-01-15 v3.1.10 (3.1.10)
) (C:\Users\ladis\scoop\apps\miktex\current\texmfs\install\tex/generic/pgf/basiclayer\pgfcorepatterns.code.tex
File: pgfcorepatterns.code.tex 2023-01-15 v3.1.10 (3.1.10)
) (C:\Users\ladis\scoop\apps\miktex\current\texmfs\install\tex/generic/pgf/basiclayer\pgfcorerdf.code.tex
File: pgfcorerdf.code.tex 2023-01-15 v3.1.10 (3.1.10)
))) (C:\Users\ladis\scoop\apps\miktex\current\texmfs\install\tex/generic/pgf/modules\pgfmoduleshapes.code.tex
File: pgfmoduleshapes.code.tex 2023-01-15 v3.1.10 (3.1.10)
\pgfnodeparttextbox=\box58
) (C:\Users\ladis\scoop\apps\miktex\current\texmfs\install\tex/generic/pgf/modules\pgfmoduleplot.code.tex
File: pgfmoduleplot.code.tex 2023-01-15 v3.1.10 (3.1.10)
) (C:\Users\ladis\scoop\apps\miktex\current\texmfs\install\tex/latex/pgf/compatibility\pgfcomp-version-0-65.sty
Package: pgfcomp-version-0-65 2023-01-15 v3.1.10 (3.1.10)
\pgf@nodesepstart=\dimen261
\pgf@nodesepend=\dimen262
) (C:\Users\ladis\scoop\apps\miktex\current\texmfs\install\tex/latex/pgf/compatibility\pgfcomp-version-1-18.sty
Package: pgfcomp-version-1-18 2023-01-15 v3.1.10 (3.1.10)
)) (C:\Users\ladis\scoop\apps\miktex\current\texmfs\install\tex/latex/pgf/utilities\pgffor.sty (C:\Users\ladis\scoop\apps\miktex\current\texmfs\install\tex/latex/pgf/utilities\pgfkeys.sty (C:\Users\ladis\scoop\apps\miktex\current\texmfs\install\tex/generic/pgf/utilities\pgfkeys.code.tex)) (C:\Users\ladis\scoop\apps\miktex\current\texmfs\install\tex/latex/pgf/math\pgfmath.sty (C:\Users\ladis\scoop\apps\miktex\current\texmfs\install\tex/generic/pgf/math\pgfmath.code.tex)) (C:\Users\ladis\scoop\apps\miktex\current\texmfs\install\tex/generic/pgf/utilities\pgffor.code.tex
Package: pgffor 2023-01-15 v3.1.10 (3.1.10)
\pgffor@iter=\dimen263
\pgffor@skip=\dimen264
\pgffor@stack=\toks30
\pgffor@toks=\toks31
)) (C:\Users\ladis\scoop\apps\miktex\current\texmfs\install\tex/generic/pgf/frontendlayer/tikz\tikz.code.tex
Package: tikz 2023-01-15 v3.1.10 (3.1.10)
 (C:\Users\ladis\scoop\apps\miktex\current\texmfs\install\tex/generic/pgf/libraries\pgflibraryplothandlers.code.tex
File: pgflibraryplothandlers.code.tex 2023-01-15 v3.1.10 (3.1.10)
\pgf@plot@mark@count=\count421
\pgfplotmarksize=\dimen265
)
\tikz@lastx=\dimen266
\tikz@lasty=\dimen267
\tikz@lastxsaved=\dimen268
\tikz@lastysaved=\dimen269
\tikz@lastmovetox=\dimen270
\tikz@lastmovetoy=\dimen271
\tikzleveldistance=\dimen272
\tikzsiblingdistance=\dimen273
\tikz@figbox=\box59
\tikz@figbox@bg=\box60
\tikz@tempbox=\box61
\tikz@tempbox@bg=\box62
\tikztreelevel=\count422
\tikznumberofchildren=\count423
\tikznumberofcurrentchild=\count424
\tikz@fig@count=\count425
 (C:\Users\ladis\scoop\apps\miktex\current\texmfs\install\tex/generic/pgf/modules\pgfmodulematrix.code.tex
File: pgfmodulematrix.code.tex 2023-01-15 v3.1.10 (3.1.10)
\pgfmatrixcurrentrow=\count426
\pgfmatrixcurrentcolumn=\count427
\pgf@matrix@numberofcolumns=\count428
)
\tikz@expandcount=\count429
 (C:\Users\ladis\scoop\apps\miktex\current\texmfs\install\tex/generic/pgf/frontendlayer/tikz/libraries\tikzlibrarytopaths.code.tex
File: tikzlibrarytopaths.code.tex 2023-01-15 v3.1.10 (3.1.10)
))) (C:\Users\ladis\scoop\apps\miktex\current\texmfs\install\tex/latex/tikz-cd\tikzlibrarycd.code.tex (C:\Users\ladis\scoop\apps\miktex\current\texmfs\install\tex/generic/pgf/frontendlayer/tikz/libraries\tikzlibrarymatrix.code.tex
File: tikzlibrarymatrix.code.tex 2023-01-15 v3.1.10 (3.1.10)
) (C:\Users\ladis\scoop\apps\miktex\current\texmfs\install\tex/generic/pgf/frontendlayer/tikz/libraries\tikzlibraryquotes.code.tex
File: tikzlibraryquotes.code.tex 2023-01-15 v3.1.10 (3.1.10)
) (C:\Users\ladis\scoop\apps\miktex\current\texmfs\install\tex/generic/pgf/libraries\pgflibraryarrows.meta.code.tex
File: pgflibraryarrows.meta.code.tex 2023-01-15 v3.1.10 (3.1.10)
\pgfarrowinset=\dimen274
\pgfarrowlength=\dimen275
\pgfarrowwidth=\dimen276
\pgfarrowlinewidth=\dimen277
))) (C:\Users\ladis\scoop\apps\miktex\current\texmfs\install\tex/latex/xfrac\xfrac.sty (C:\Users\ladis\scoop\apps\miktex\current\texmfs\install\tex/latex/amsmath\amstext.sty
Package: amstext 2021/08/26 v2.01 AMS text
 (C:\Users\ladis\scoop\apps\miktex\current\texmfs\install\tex/latex/amsmath\amsgen.sty
File: amsgen.sty 1999/11/30 v2.0 generic functions
\@emptytoks=\toks32
\ex@=\dimen278
))
Package: xfrac 2024-02-13 Split-level fractions
 (C:\Users\ladis\scoop\apps\miktex\current\texmfs\install\tex/latex/l3packages/xtemplate\xtemplate.sty (C:\Users\ladis\scoop\apps\miktex\current\texmfs\install\tex/latex/l3packages/xtemplate\xtemplate-2023-10-10.sty
Package: xtemplate 2023-10-10 L3 Experimental prototype document functions
\l__xtemplate_tmp_dim=\dimen279
\l__xtemplate_tmp_int=\count430
\l__xtemplate_tmp_muskip=\muskip21
\l__xtemplate_tmp_skip=\skip73
))
\l__xfrac_slash_box=\box63
\l__xfrac_tmp_box=\box64
\l__xfrac_denominator_bot_sep_dim=\dimen280
\l__xfrac_numerator_bot_sep_dim=\dimen281
\l__xfrac_numerator_top_sep_dim=\dimen282
\l__xfrac_slash_left_sep_dim=\dimen283
\l__xfrac_slash_right_sep_dim=\dimen284
\l__xfrac_slash_left_muskip=\muskip22
\l__xfrac_slash_right_muskip=\muskip23

Package xtemplate Info: Declaring object type 'xfrac' taking 3 argument(s) on
(xtemplate)             line 98.

) (C:\Users\ladis\scoop\apps\miktex\current\texmfs\install\tex/latex/physics\physics.sty
Package: physics 
 (C:\Users\ladis\scoop\apps\miktex\current\texmfs\install\tex/latex/amsmath\amsmath.sty
Package: amsmath 2023/05/13 v2.17o AMS math features
\@mathmargin=\skip74

For additional information on amsmath, use the `?' option.
(C:\Users\ladis\scoop\apps\miktex\current\texmfs\install\tex/latex/amsmath\amsbsy.sty
Package: amsbsy 1999/11/29 v1.2d Bold Symbols
\pmbraise@=\dimen285
) (C:\Users\ladis\scoop\apps\miktex\current\texmfs\install\tex/latex/amsmath\amsopn.sty
Package: amsopn 2022/04/08 v2.04 operator names
)
\inf@bad=\count431
LaTeX Info: Redefining \frac on input line 234.
\uproot@=\count432
\leftroot@=\count433
LaTeX Info: Redefining \overline on input line 399.
LaTeX Info: Redefining \colon on input line 410.
\classnum@=\count434
\DOTSCASE@=\count435
LaTeX Info: Redefining \ldots on input line 496.
LaTeX Info: Redefining \dots on input line 499.
LaTeX Info: Redefining \cdots on input line 620.
\Mathstrutbox@=\box65
\strutbox@=\box66
LaTeX Info: Redefining \big on input line 722.
LaTeX Info: Redefining \Big on input line 723.
LaTeX Info: Redefining \bigg on input line 724.
LaTeX Info: Redefining \Bigg on input line 725.
\big@size=\dimen286
LaTeX Font Info:    Redeclaring font encoding OML on input line 743.
LaTeX Font Info:    Redeclaring font encoding OMS on input line 744.
\macc@depth=\count436
LaTeX Info: Redefining \bmod on input line 905.
LaTeX Info: Redefining \pmod on input line 910.
LaTeX Info: Redefining \smash on input line 940.
LaTeX Info: Redefining \relbar on input line 970.
LaTeX Info: Redefining \Relbar on input line 971.
\c@MaxMatrixCols=\count437
\dotsspace@=\muskip24
\c@parentequation=\count438
\dspbrk@lvl=\count439
\tag@help=\toks33
\row@=\count440
\column@=\count441
\maxfields@=\count442
\andhelp@=\toks34
\eqnshift@=\dimen287
\alignsep@=\dimen288
\tagshift@=\dimen289
\tagwidth@=\dimen290
\totwidth@=\dimen291
\lineht@=\dimen292
\@envbody=\toks35
\multlinegap=\skip75
\multlinetaggap=\skip76
\mathdisplay@stack=\toks36
LaTeX Info: Redefining \[ on input line 2953.
LaTeX Info: Redefining \] on input line 2954.
)) (C:\Users\ladis\scoop\apps\miktex\current\texmfs\install\tex/latex/tools\bm.sty
Package: bm 2023/07/08 v1.2f Bold Symbol Support (DPC/FMi)
\symboldoperators=\mathgroup4
\symboldletters=\mathgroup5
\symboldsymbols=\mathgroup6
Package bm Info: No bold for \OMX/lmex/m/n, using \pmb.
LaTeX Font Info:    Redeclaring math alphabet \mathbf on input line 149.
) (C:\Users\ladis\scoop\apps\miktex\current\texmfs\install\tex/latex/bboldx\bboldx.sty
Package: bboldx 2021/10/29 v1.031 (Michael Sharpe) Symbol package extending Bbold
 (C:\Users\ladis\scoop\apps\miktex\current\texmfs\install\tex/latex/xkeyval\xkeyval.sty
Package: xkeyval 2022/06/16 v2.9 package option processing (HA)
 (C:\Users\ladis\scoop\apps\miktex\current\texmfs\install\tex/generic/xkeyval\xkeyval.tex (C:\Users\ladis\scoop\apps\miktex\current\texmfs\install\tex/generic/xkeyval\xkvutils.tex
\XKV@toks=\toks37
\XKV@tempa@toks=\toks38
)
\XKV@depth=\count443
File: xkeyval.tex 2014/12/03 v2.7a key=value parser (HA)
))
LaTeX Font Info:    Overwriting math alphabet `\mathbb' in version `bold'
(Font)                  U/bboldx/m/n --> U/bboldx/b/n on input line 97.
) (C:\Users\ladis\scoop\apps\miktex\current\texmfs\install\tex/latex/stackengine\stackengine.sty
Package: stackengine 2021/07/22 v4.11\ Stacking text and objects in convenient ways
 (C:\Users\ladis\scoop\apps\miktex\current\texmfs\install\tex/latex/listofitems\listofitems.sty (C:\Users\ladis\scoop\apps\miktex\current\texmfs\install\tex/generic/listofitems\listofitems.tex
\loi_cnt_foreach_nest=\count444
\loi_nestcnt=\count445
)
Package: listofitems 2024/03/09 v1.65 Grab items in lists using user-specified sep char (CT)
) (C:\Users\ladis\scoop\apps\miktex\current\texmfs\install\tex/latex/tools\calc.sty
Package: calc 2023/07/08 v4.3 Infix arithmetic (KKT,FJ)
\calc@Acount=\count446
\calc@Bcount=\count447
\calc@Adimen=\dimen293
\calc@Bdimen=\dimen294
\calc@Askip=\skip77
\calc@Bskip=\skip78
LaTeX Info: Redefining \setlength on input line 80.
LaTeX Info: Redefining \addtolength on input line 81.
\calc@Ccount=\count448
\calc@Cskip=\skip79
)
\c@@stackindex=\count449
\@boxshift=\skip80
\stack@tmplength=\skip81
\temp@stkl=\skip82
\@stackedboxwidth=\skip83
\@addedbox=\box67
\@anchorbox=\box68
\@insetbox=\box69
\se@backgroundbox=\box70
\stackedbox=\box71
\@centerbox=\box72
\c@ROWcellindex@=\count450
) (C:\Users\ladis\scoop\apps\miktex\current\texmfs\install\tex/latex/scalerel\scalerel.sty
Package: scalerel 2016/12/29 v1.8 Routines for constrained scaling and stretching of objects, relative to a reference object or in absolute terms
\thesrwidth=\skip84
\thesrheight=\skip85
\srblobheight=\skip86
\srblobdepth=\skip87
\mnxsrwidth=\skip88
\LMex=\skip89
\LMpt=\skip90
)) (C:\Users\ladis\Github/LaTeX-Templates/Global.tex) (C:\Users\ladis\scoop\apps\miktex\current\texmfs\install\tex/latex/setspace\setspace.sty
Package: setspace 2022/12/04 v6.7b set line spacing
) (C:\Users\ladis\scoop\apps\miktex\current\texmfs\install\tex/latex/amsfonts\amsfonts.sty
Package: amsfonts 2013/01/14 v3.01 Basic AMSFonts support
\symAMSa=\mathgroup7
\symAMSb=\mathgroup8
LaTeX Font Info:    Redeclaring math symbol \hbar on input line 98.
LaTeX Font Info:    Overwriting math alphabet `\mathfrak' in version `bold'
(Font)                  U/euf/m/n --> U/euf/b/n on input line 106.
) (C:\Users\ladis\scoop\apps\miktex\current\texmfs\install\tex/latex/mathtools\mathtools.sty
Package: mathtools 2024/03/11 v1.30 mathematical typesetting tools
 (C:\Users\ladis\scoop\apps\miktex\current\texmfs\install\tex/latex/mathtools\mhsetup.sty
Package: mhsetup 2021/03/18 v1.4 programming setup (MH)
)
\g_MT_multlinerow_int=\count451
\l_MT_multwidth_dim=\dimen295
\origjot=\skip91
\l_MT_shortvdotswithinadjustabove_dim=\dimen296
\l_MT_shortvdotswithinadjustbelow_dim=\dimen297
\l_MT_above_intertext_sep=\dimen298
\l_MT_below_intertext_sep=\dimen299
\l_MT_above_shortintertext_sep=\dimen300
\l_MT_below_shortintertext_sep=\dimen301
\xmathstrut@box=\box73
\xmathstrut@dim=\dimen302
) (C:\Users\ladis\scoop\apps\miktex\current\texmfs\install\tex/latex/amscls\amsthm.sty
Package: amsthm 2020/05/29 v2.20.6
\thm@style=\toks39
\thm@bodyfont=\toks40
\thm@headfont=\toks41
\thm@notefont=\toks42
\thm@headpunct=\toks43
\thm@preskip=\skip92
\thm@postskip=\skip93
\thm@headsep=\skip94
\dth@everypar=\toks44
) (C:\Users\ladis\scoop\apps\miktex\current\texmfs\install\tex/latex/amsfonts\amssymb.sty
Package: amssymb 2013/01/14 v3.01 AMS font symbols
) (C:\Users\ladis\scoop\apps\miktex\current\texmfs\install\tex/latex/cleveref\cleveref.sty
Package: cleveref 2018/03/27 v0.21.4 Intelligent cross-referencing
Package cleveref Info: `hyperref' support loaded on input line 2370.
LaTeX Info: Redefining \cref on input line 2370.
LaTeX Info: Redefining \Cref on input line 2370.
LaTeX Info: Redefining \crefrange on input line 2370.
LaTeX Info: Redefining \Crefrange on input line 2370.
LaTeX Info: Redefining \cpageref on input line 2370.
LaTeX Info: Redefining \Cpageref on input line 2370.
LaTeX Info: Redefining \cpagerefrange on input line 2370.
LaTeX Info: Redefining \Cpagerefrange on input line 2370.
LaTeX Info: Redefining \labelcref on input line 2370.
LaTeX Info: Redefining \labelcpageref on input line 2370.
Package cleveref Info: `amsthm' support loaded on input line 3026.
Package cleveref Info: include cross-reference names in hyperlinks on input line 7836.
Package cleveref Info: include cross-reference names in hyperlinks on input line 7852.
) (C:\Users\ladis\scoop\apps\miktex\current\texmfs\install\tex/latex/geometry\geometry.sty
Package: geometry 2020/01/02 v5.9 Page Geometry
 (C:\Users\ladis\scoop\apps\miktex\current\texmfs\install\tex/generic/iftex\ifvtex.sty
Package: ifvtex 2019/10/25 v1.7 ifvtex legacy package. Use iftex instead.
)
\Gm@cnth=\count452
\Gm@cntv=\count453
\c@Gm@tempcnt=\count454
\Gm@bindingoffset=\dimen303
\Gm@wd@mp=\dimen304
\Gm@odd@mp=\dimen305
\Gm@even@mp=\dimen306
\Gm@layoutwidth=\dimen307
\Gm@layoutheight=\dimen308
\Gm@layouthoffset=\dimen309
\Gm@layoutvoffset=\dimen310
\Gm@dimlist=\toks45
 (C:\Users\ladis\scoop\apps\miktex\current\texmfs\install\tex/latex/geometry\geometry.cfg)) (C:\Users\ladis\scoop\apps\miktex\current\texmfs\install\tex/latex/cancel\cancel.sty
Package: cancel 2013/04/12 v2.2 Cancel math terms
) (C:\Users\ladis\scoop\apps\miktex\current\texmfs\install\tex/latex/systeme\systeme.sty (C:\Users\ladis\scoop\apps\miktex\current\texmfs\install\tex/latex/xstring\xstring.sty (C:\Users\ladis\scoop\apps\miktex\current\texmfs\install\tex/generic/xstring\xstring.tex
\xs_counta=\count455
\xs_countb=\count456
)
Package: xstring 2023/08/22 v1.86 String manipulations (CT)
) (C:\Users\ladis\scoop\apps\miktex\current\texmfs\install\tex/generic/systeme\systeme.tex
\SYS_systemecode=\toks46
\SYS_systempreamble=\toks47
\SYSeqnum=\count457
)
Package: systeme 2020/05/03 v0.34 Mise en forme de systemes d'equations (CT)
) (C:\Users\ladis\scoop\apps\miktex\current\texmfs\install\tex/latex/enumitem\enumitem.sty
Package: enumitem 2019/06/20 v3.9 Customized lists
\labelindent=\skip95
\enit@outerparindent=\dimen311
\enit@toks=\toks48
\enit@inbox=\box74
\enit@count@id=\count458
\enitdp@description=\count459
) (C:\Users\ladis\scoop\apps\miktex\current\texmfs\install\tex/latex/tools\multicol.sty
Package: multicol 2023/03/30 v1.9f multicolumn formatting (FMi)
\c@tracingmulticols=\count460
\mult@box=\box75
\multicol@leftmargin=\dimen312
\c@unbalance=\count461
\c@collectmore=\count462
\doublecol@number=\count463
\multicoltolerance=\count464
\multicolpretolerance=\count465
\full@width=\dimen313
\page@free=\dimen314
\premulticols=\dimen315
\postmulticols=\dimen316
\multicolsep=\skip96
\multicolbaselineskip=\skip97
\partial@page=\box76
\last@line=\box77
\mc@boxedresult=\box78
\maxbalancingoverflow=\dimen317
\mult@rightbox=\box79
\mult@grightbox=\box80
\mult@firstbox=\box81
\mult@gfirstbox=\box82
\@tempa=\box83
\@tempa=\box84
\@tempa=\box85
\@tempa=\box86
\@tempa=\box87
\@tempa=\box88
\@tempa=\box89
\@tempa=\box90
\@tempa=\box91
\@tempa=\box92
\@tempa=\box93
\@tempa=\box94
\@tempa=\box95
\@tempa=\box96
\@tempa=\box97
\@tempa=\box98
\@tempa=\box99
\@tempa=\box100
\@tempa=\box101
\@tempa=\box102
\@tempa=\box103
\@tempa=\box104
\@tempa=\box105
\@tempa=\box106
\@tempa=\box107
\@tempa=\box108
\@tempa=\box109
\@tempa=\box110
\@tempa=\box111
\@tempa=\box112
\@tempa=\box113
\@tempa=\box114
\@tempa=\box115
\@tempa=\box116
\@tempa=\box117
\@tempa=\box118
\c@minrows=\count466
\c@columnbadness=\count467
\c@finalcolumnbadness=\count468
\last@try=\dimen318
\multicolovershoot=\dimen319
\multicolundershoot=\dimen320
\mult@nat@firstbox=\box119
\colbreak@box=\box120
\mc@col@check@num=\count469
) (C:\Users\ladis\scoop\apps\miktex\current\texmfs\install\tex/latex/siunitx\siunitx.sty
Package: siunitx 2024-02-15 v3.3.12 A comprehensive (SI) units package
\l__siunitx_number_uncert_offset_int=\count470
\l__siunitx_number_exponent_fixed_int=\count471
\l__siunitx_number_min_decimal_int=\count472
\l__siunitx_number_min_integer_int=\count473
\l__siunitx_number_round_precision_int=\count474
\l__siunitx_number_lower_threshold_int=\count475
\l__siunitx_number_upper_threshold_int=\count476
\l__siunitx_number_group_first_int=\count477
\l__siunitx_number_group_size_int=\count478
\l__siunitx_number_group_minimum_int=\count479
\l__siunitx_angle_tmp_dim=\dimen321
\l__siunitx_angle_marker_box=\box121
\l__siunitx_angle_unit_box=\box122
\l__siunitx_compound_count_int=\count480
 (C:\Users\ladis\scoop\apps\miktex\current\texmfs\install\tex/latex/translations\translations.sty
Package: translations 2022/02/05 v1.12 internationalization of LaTeX2e packages (CN)
)
\l__siunitx_table_tmp_box=\box123
\l__siunitx_table_tmp_dim=\dimen322
\l__siunitx_table_column_width_dim=\dimen323
\l__siunitx_table_integer_box=\box124
\l__siunitx_table_decimal_box=\box125
\l__siunitx_table_uncert_box=\box126
\l__siunitx_table_before_box=\box127
\l__siunitx_table_after_box=\box128
\l__siunitx_table_before_dim=\dimen324
\l__siunitx_table_carry_dim=\dimen325
\l__siunitx_unit_tmp_int=\count481
\l__siunitx_unit_position_int=\count482
\l__siunitx_unit_total_int=\count483
 (C:\Users\ladis\scoop\apps\miktex\current\texmfs\install\tex/latex/tools\array.sty
Package: array 2023/10/16 v2.5g Tabular extension package (FMi)
\col@sep=\dimen326
\ar@mcellbox=\box129
\extrarowheight=\dimen327
\NC@list=\toks49
\extratabsurround=\skip98
\backup@length=\skip99
\ar@cellbox=\box130
)) (C:\Users\ladis\scoop\apps\miktex\current\texmfs\install\tex/generic/pgf/frontendlayer/tikz/libraries\tikzlibrarycalc.code.tex
File: tikzlibrarycalc.code.tex 2023-01-15 v3.1.10 (3.1.10)
) (C:\Users\ladis\scoop\apps\miktex\current\texmfs\install\tex/generic/pgf/frontendlayer/tikz/libraries\tikzlibrarydecorations.markings.code.tex (C:\Users\ladis\scoop\apps\miktex\current\texmfs\install\tex/generic/pgf/frontendlayer/tikz/libraries\tikzlibrarydecorations.code.tex (C:\Users\ladis\scoop\apps\miktex\current\texmfs\install\tex/generic/pgf/modules\pgfmoduledecorations.code.tex
\pgfdecoratedcompleteddistance=\dimen328
\pgfdecoratedremainingdistance=\dimen329
\pgfdecoratedinputsegmentcompleteddistance=\dimen330
\pgfdecoratedinputsegmentremainingdistance=\dimen331
\pgf@decorate@distancetomove=\dimen332
\pgf@decorate@repeatstate=\count484
\pgfdecorationsegmentamplitude=\dimen333
\pgfdecorationsegmentlength=\dimen334
)
\tikz@lib@dec@box=\box131
) (C:\Users\ladis\scoop\apps\miktex\current\texmfs\install\tex/generic/pgf/libraries/decorations\pgflibrarydecorations.markings.code.tex)) (C:\Users\ladis\scoop\apps\miktex\current\texmfs\install\tex/generic/pgf/frontendlayer/tikz/libraries\tikzlibraryintersections.code.tex (C:\Users\ladis\scoop\apps\miktex\current\texmfs\install\tex/generic/pgf/libraries\pgflibraryintersections.code.tex (C:\Users\ladis\scoop\apps\miktex\current\texmfs\install\tex/generic/pgf/libraries\pgflibraryfpu.code.tex)
\pgf@intersect@solutions=\count485
)) (C:\Users\ladis\scoop\apps\miktex\current\texmfs\install\tex/generic/pgf/frontendlayer/tikz/libraries\tikzlibraryangles.code.tex
File: tikzlibraryangles.code.tex 2023-01-15 v3.1.10 (3.1.10)
) (C:\Users\ladis\scoop\apps\miktex\current\texmfs\install\tex/generic/pgf/frontendlayer/tikz/libraries\tikzlibrarypositioning.code.tex
File: tikzlibrarypositioning.code.tex 2023-01-15 v3.1.10 (3.1.10)
) (C:\Users\ladis\scoop\apps\miktex\current\texmfs\install\tex/generic/pgf/frontendlayer/tikz/libraries\tikzlibraryarrows.code.tex
File: tikzlibraryarrows.code.tex 2023-01-15 v3.1.10 (3.1.10)
 (C:\Users\ladis\scoop\apps\miktex\current\texmfs\install\tex/generic/pgf/libraries\pgflibraryarrows.code.tex
File: pgflibraryarrows.code.tex 2023-01-15 v3.1.10 (3.1.10)
\arrowsize=\dimen335
)) (C:\Users\ladis\scoop\apps\miktex\current\texmfs\install\tex/latex/pgf/frontendlayer/libraries\tikzlibraryexternal.code.tex (C:\Users\ladis\scoop\apps\miktex\current\texmfs\install\tex/generic/pgf/frontendlayer/tikz/libraries\tikzexternalshared.code.tex))
\openout4 = `master.auxlock'.

 (C:\Users\ladis\scoop\apps\miktex\current\texmfs\install\tex/latex/pgfplots\pgfplots.sty (C:\Users\ladis\scoop\apps\miktex\current\texmfs\install\tex/generic/pgfplots\pgfplots.revision.tex)
Package: pgfplots 2021/05/15 v1.18.1 Data Visualization (1.18.1)
 (C:\Users\ladis\scoop\apps\miktex\current\texmfs\install\tex/generic/pgfplots\pgfplots.code.tex (C:\Users\ladis\scoop\apps\miktex\current\texmfs\install\tex/generic/pgfplots\pgfplotscore.code.tex
\t@pgfplots@toka=\toks50
\t@pgfplots@tokb=\toks51
\t@pgfplots@tokc=\toks52
\pgfplots@tmpa=\dimen336
\c@pgfplots@coordindex=\count486
\c@pgfplots@scanlineindex=\count487
 (C:\Users\ladis\scoop\apps\miktex\current\texmfs\install\tex/generic/pgfplots/sys\pgfplotssysgeneric.code.tex)) (C:\Users\ladis\scoop\apps\miktex\current\texmfs\install\tex/generic/pgfplots/libs\pgfplotslibrary.code.tex) (C:\Users\ladis\scoop\apps\miktex\current\texmfs\install\tex/generic/pgfplots/oldpgfcompatib\pgfplotsoldpgfsupp_loader.code.tex
Package pgfplots: loading complementary utilities for your pgf version...
\t@pgf@toka=\toks53
\t@pgf@tokb=\toks54
\t@pgf@tokc=\toks55
(C:\Users\ladis\scoop\apps\miktex\current\texmfs\install\tex/generic/pgfplots/oldpgfcompatib\pgfplotsoldpgfsupp_pgfutil-common-lists.tex)) (C:\Users\ladis\scoop\apps\miktex\current\texmfs\install\tex/generic/pgfplots/util\pgfplotsutil.code.tex (C:\Users\ladis\scoop\apps\miktex\current\texmfs\install\tex/generic/pgfplots/liststructure\pgfplotsliststructure.code.tex) (C:\Users\ladis\scoop\apps\miktex\current\texmfs\install\tex/generic/pgfplots/liststructure\pgfplotsliststructureext.code.tex) (C:\Users\ladis\scoop\apps\miktex\current\texmfs\install\tex/generic/pgfplots/liststructure\pgfplotsarray.code.tex
\c@pgfplotsarray@tmp=\count488
) (C:\Users\ladis\scoop\apps\miktex\current\texmfs\install\tex/generic/pgfplots/liststructure\pgfplotsmatrix.code.tex) (C:\Users\ladis\scoop\apps\miktex\current\texmfs\install\tex/generic/pgfplots/numtable\pgfplotstableshared.code.tex
\c@pgfplotstable@counta=\count489
\t@pgfplotstable@a=\toks56
) (C:\Users\ladis\scoop\apps\miktex\current\texmfs\install\tex/generic/pgfplots/liststructure\pgfplotsdeque.code.tex) (C:\Users\ladis\scoop\apps\miktex\current\texmfs\install\tex/generic/pgfplots/util\pgfplotsbinary.code.tex (C:\Users\ladis\scoop\apps\miktex\current\texmfs\install\tex/generic/pgfplots/util\pgfplotsbinary.data.code.tex)) (C:\Users\ladis\scoop\apps\miktex\current\texmfs\install\tex/generic/pgfplots/util\pgfplotsutil.verb.code.tex) (C:\Users\ladis\scoop\apps\miktex\current\texmfs\install\tex/generic/pgfplots/libs\pgflibrarypgfplots.surfshading.code.tex
\c@pgfplotslibrarysurf@no=\count490
 (C:\Users\ladis\scoop\apps\miktex\current\texmfs\install\tex/generic/pgfplots/sys\pgflibrarypgfplots.surfshading.pgfsys-pdftex.def))) (C:\Users\ladis\scoop\apps\miktex\current\texmfs\install\tex/generic/pgfplots/util\pgfplotscolormap.code.tex (C:\Users\ladis\scoop\apps\miktex\current\texmfs\install\tex/generic/pgfplots/util\pgfplotscolor.code.tex)) (C:\Users\ladis\scoop\apps\miktex\current\texmfs\install\tex/generic/pgfplots\pgfplotsstackedplots.code.tex) (C:\Users\ladis\scoop\apps\miktex\current\texmfs\install\tex/generic/pgfplots\pgfplotsplothandlers.code.tex (C:\Users\ladis\scoop\apps\miktex\current\texmfs\install\tex/generic/pgfplots\pgfplotsmeshplothandler.code.tex (C:\Users\ladis\scoop\apps\miktex\current\texmfs\install\tex/generic/pgfplots\pgfplotsmeshplotimage.code.tex))) (C:\Users\ladis\scoop\apps\miktex\current\texmfs\install\tex/generic/pgfplots\pgfplots.scaling.code.tex) (C:\Users\ladis\scoop\apps\miktex\current\texmfs\install\tex/generic/pgfplots\pgfplotscoordprocessing.code.tex) (C:\Users\ladis\scoop\apps\miktex\current\texmfs\install\tex/generic/pgfplots\pgfplots.errorbars.code.tex) (C:\Users\ladis\scoop\apps\miktex\current\texmfs\install\tex/generic/pgfplots\pgfplots.markers.code.tex) (C:\Users\ladis\scoop\apps\miktex\current\texmfs\install\tex/generic/pgfplots\pgfplotsticks.code.tex) (C:\Users\ladis\scoop\apps\miktex\current\texmfs\install\tex/generic/pgfplots\pgfplots.paths.code.tex) (C:\Users\ladis\scoop\apps\miktex\current\texmfs\install\tex/generic/pgf/frontendlayer/tikz/libraries\tikzlibrarydecorations.pathmorphing.code.tex (C:\Users\ladis\scoop\apps\miktex\current\texmfs\install\tex/generic/pgf/libraries/decorations\pgflibrarydecorations.pathmorphing.code.tex)) (C:\Users\ladis\scoop\apps\miktex\current\texmfs\install\tex/generic/pgf/frontendlayer/tikz/libraries\tikzlibrarydecorations.pathreplacing.code.tex (C:\Users\ladis\scoop\apps\miktex\current\texmfs\install\tex/generic/pgf/libraries/decorations\pgflibrarydecorations.pathreplacing.code.tex)) (C:\Users\ladis\scoop\apps\miktex\current\texmfs\install\tex/generic/pgfplots/libs\tikzlibrarypgfplots.contourlua.code.tex)
\pgfplots@numplots=\count491
\pgfplots@xmin@reg=\dimen337
\pgfplots@xmax@reg=\dimen338
\pgfplots@ymin@reg=\dimen339
\pgfplots@ymax@reg=\dimen340
\pgfplots@zmin@reg=\dimen341
\pgfplots@zmax@reg=\dimen342
) (C:\Users\ladis\scoop\apps\miktex\current\texmfs\install\tex/generic/pgf/frontendlayer/tikz/libraries\tikzlibraryplotmarks.code.tex
File: tikzlibraryplotmarks.code.tex 2023-01-15 v3.1.10 (3.1.10)
 (C:\Users\ladis\scoop\apps\miktex\current\texmfs\install\tex/generic/pgf/libraries\pgflibraryplotmarks.code.tex
File: pgflibraryplotmarks.code.tex 2023-01-15 v3.1.10 (3.1.10)
))) (C:\Users\ladis\scoop\apps\miktex\current\texmfs\install\tex/latex/algorithm2e\algorithm2e.sty
Package: algorithm2e 2017/07/18 v5.2 algorithms environments
\c@AlgoLine=\count492
\algocf@hangindent=\skip100
 (C:\Users\ladis\scoop\apps\miktex\current\texmfs\install\tex/latex/ifoddpage\ifoddpage.sty
Package: ifoddpage 2022/10/18 v1.2 Conditionals for odd/even page detection
\c@checkoddpage=\count493
) (C:\Users\ladis\scoop\apps\miktex\current\texmfs\install\tex/latex/tools\xspace.sty
Package: xspace 2014/10/28 v1.13 Space after command names (DPC,MH)
) (C:\Users\ladis\scoop\apps\miktex\current\texmfs\install\tex/latex/relsize\relsize.sty
Package: relsize 2013/03/29 ver 4.1
)
\skiptotal=\skip101
\skiplinenumber=\skip102
\skiprule=\skip103
\skiphlne=\skip104
\skiptext=\skip105
\skiplength=\skip106
\algomargin=\skip107
\skipalgocfslide=\skip108
\algowidth=\dimen343
\inoutsize=\dimen344
\inoutindent=\dimen345
\interspacetitleruled=\dimen346
\interspacealgoruled=\dimen347
\interspacetitleboxruled=\dimen348
\algocf@ruledwidth=\skip109
\algocf@inoutbox=\box132
\algocf@inputbox=\box133
\AlCapSkip=\skip110
\AlCapHSkip=\skip111
\algoskipindent=\skip112
\algocf@nlbox=\box134
\algocf@hangingbox=\box135
\algocf@untilbox=\box136
\algocf@skipuntil=\skip113
\algocf@capbox=\box137
\algocf@lcaptionbox=\skip114
\algoheightruledefault=\skip115
\algoheightrule=\skip116
\algotitleheightruledefault=\skip117
\algotitleheightrule=\skip118
\c@algocfline=\count494
\c@algocfproc=\count495
\c@algocf=\count496
\algocf@algoframe=\box138
\algocf@algobox=\box139
) (C:\Users\ladis\Github/LaTeX-Templates/Notes/theorems.tex (C:\Users\ladis\scoop\apps\miktex\current\texmfs\install\tex/latex/tcolorbox\tcolorbox.sty
Package: tcolorbox 2024/01/10 version 6.2.0 text color boxes
 (C:\Users\ladis\scoop\apps\miktex\current\texmfs\install\tex/latex/tools\verbatim.sty
Package: verbatim 2023-11-06 v1.5v LaTeX2e package for verbatim enhancements
\every@verbatim=\toks57
\verbatim@line=\toks58
\verbatim@in@stream=\read4
) (C:\Users\ladis\scoop\apps\miktex\current\texmfs\install\tex/latex/environ\environ.sty
Package: environ 2014/05/04 v0.3 A new way to define environments
 (C:\Users\ladis\scoop\apps\miktex\current\texmfs\install\tex/latex/trimspaces\trimspaces.sty
Package: trimspaces 2009/09/17 v1.1 Trim spaces around a token list
))
\tcb@titlebox=\box140
\tcb@upperbox=\box141
\tcb@lowerbox=\box142
\tcb@phantombox=\box143
\c@tcbbreakpart=\count497
\c@tcblayer=\count498
\c@tcolorbox@number=\count499
\l__tcobox_tmpa_box=\box144
\l__tcobox_tmpa_dim=\dimen349
\tcb@temp=\box145
\tcb@temp=\box146
\tcb@temp=\box147
\tcb@temp=\box148
 (C:\Users\ladis\scoop\apps\miktex\current\texmfs\install\tex/latex/tcolorbox\tcbraster.code.tex
Library (tcolorbox): 'tcbraster.code.tex' version '6.2.0'
\c@tcbrastercolumn=\count500
\c@tcbrasterrow=\count501
\c@tcbrasternum=\count502
\c@tcbraster=\count503
) (C:\Users\ladis\scoop\apps\miktex\current\texmfs\install\tex/latex/tcolorbox\tcbskins.code.tex
Library (tcolorbox): 'tcbskins.code.tex' version '6.2.0'
(C:\Users\ladis\scoop\apps\miktex\current\texmfs\install\tex/latex/tikzfill\tikzfill.image.sty
Package: tikzfill.image 2023/08/08 v1.0.1 Image filling library for TikZ
 (C:\Users\ladis\scoop\apps\miktex\current\texmfs\install\tex/latex/tikzfill\tikzfill-common.sty
Package: tikzfill-common 2023/08/08 v1.0.1 Auxiliary code for tikzfill
) (C:\Users\ladis\scoop\apps\miktex\current\texmfs\install\tex/latex/tikzfill\tikzlibraryfill.image.code.tex
File: tikzlibraryfill.image.code.tex 2023/08/08 v1.0.1 Image filling library
\l__tikzfill_img_box=\box149
)) (C:\Users\ladis\scoop\apps\miktex\current\texmfs\install\tex/latex/tcolorbox\tcbskinsjigsaw.code.tex
Library (tcolorbox): 'tcbskinsjigsaw.code.tex' version '6.2.0'
)) (C:\Users\ladis\scoop\apps\miktex\current\texmfs\install\tex/latex/tcolorbox\tcbbreakable.code.tex
Library (tcolorbox): 'tcbbreakable.code.tex' version '6.2.0'
(C:\Users\ladis\scoop\apps\miktex\current\texmfs\install\tex/latex/pdfcol\pdfcol.sty
Package: pdfcol 2022-09-21 v1.7 Handle new color stacks for pdfTeX (HO)
)
Package pdfcol Info: New color stack `tcb@breakable' = 1 on input line 23.
\tcb@testbox=\box150
\tcb@totalupperbox=\box151
\tcb@totallowerbox=\box152
) (C:\Users\ladis\scoop\apps\miktex\current\texmfs\install\tex/latex/tcolorbox\tcbhooks.code.tex
Library (tcolorbox): 'tcbhooks.code.tex' version '6.2.0'
) (C:\Users\ladis\scoop\apps\miktex\current\texmfs\install\tex/latex/tcolorbox\tcbtheorems.code.tex
Library (tcolorbox): 'tcbtheorems.code.tex' version '6.2.0'
) (C:\Users\ladis\scoop\apps\miktex\current\texmfs\install\tex/latex/tcolorbox\tcbfitting.code.tex
Library (tcolorbox): 'tcbfitting.code.tex' version '6.2.0'
\tcbfitdim=\dimen350
\tcb@lowerfitdim=\dimen351
\tcb@upperfitdim=\dimen352
\tcb@cur@hbadness=\count504
))
\c@tcb@cnt@theoreminner=\count505
\c@thm=\count506
\c@tcb@cnt@propositioninner=\count507
\c@prop=\count508
\c@tcb@cnt@conjectureinner=\count509
\c@conj=\count510
\c@tcb@cnt@corollaryinner=\count511
\c@cor=\count512
\c@tcb@cnt@lemmainner=\count513
\c@lem=\count514
\c@tcb@cnt@definitioninner=\count515
\c@def=\count516
\c@tcb@cnt@exampleinner=\count517
\c@eg=\count518
\c@tcb@cnt@exerciseinner=\count519
\c@ex=\count520
\c@tcb@cnt@question=\count521
\c@note=\count522
\c@tcb@cnt@remarkinner=\count523
\c@rem=\count524
\c@tcb@cnt@recallinner=\count525
\c@recall=\count526
\c@propty=\count527
\c@warn=\count528
\c@notation=\count529
\c@tcb@cnt@algorithminner=\count530
\c@alg=\count531
) (C:\Users\ladis\scoop\apps\miktex\current\texmfs\install\tex/latex/fancyhdr\fancyhdr.sty
Package: fancyhdr 2022/11/09 v4.1 Extensive control of page headers and footers
\f@nch@headwidth=\skip119
\f@nch@O@elh=\skip120
\f@nch@O@erh=\skip121
\f@nch@O@olh=\skip122
\f@nch@O@orh=\skip123
\f@nch@O@elf=\skip124
\f@nch@O@erf=\skip125
\f@nch@O@olf=\skip126
\f@nch@O@orf=\skip127
) (C:\Users\ladis\scoop\apps\miktex\current\texmfs\install\tex/latex/appendix\appendix.sty
Package: appendix 2020/02/08 v1.2c extra appendix facilities
\c@@pps=\count532
\c@@ppsavesec=\count533
\c@@ppsaveapp=\count534
)) (C:\Users\ladis\scoop\apps\miktex\current\texmfs\install\tex/latex/adjustbox\adjustbox.sty
Package: adjustbox 2022/10/17 v1.3a Adjusting TeX boxes (trim, clip, ...)
 (C:\Users\ladis\scoop\apps\miktex\current\texmfs\install\tex/latex/adjustbox\adjcalc.sty
Package: adjcalc 2012/05/16 v1.1 Provides advanced setlength with multiple back-ends (calc, etex, pgfmath)
) (C:\Users\ladis\scoop\apps\miktex\current\texmfs\install\tex/latex/adjustbox\trimclip.sty
Package: trimclip 2020/08/19 v1.2 Trim and clip general TeX material
 (C:\Users\ladis\scoop\apps\miktex\current\texmfs\install\tex/latex/collectbox\collectbox.sty
Package: collectbox 2022/10/17 v0.4c Collect macro arguments as boxes
\collectedbox=\box153
)
\tc@llx=\dimen353
\tc@lly=\dimen354
\tc@urx=\dimen355
\tc@ury=\dimen356
Package trimclip Info: Using driver 'tc-pdftex.def'.
 (C:\Users\ladis\scoop\apps\miktex\current\texmfs\install\tex/latex/adjustbox\tc-pdftex.def
File: tc-pdftex.def 2019/01/04 v2.2 Clipping driver for pdftex
))
\adjbox@Width=\dimen357
\adjbox@Height=\dimen358
\adjbox@Depth=\dimen359
\adjbox@Totalheight=\dimen360
\adjbox@pwidth=\dimen361
\adjbox@pheight=\dimen362
\adjbox@pdepth=\dimen363
\adjbox@ptotalheight=\dimen364
 (C:\Users\ladis\scoop\apps\miktex\current\texmfs\install\tex/latex/varwidth\varwidth.sty
Package: varwidth 2009/03/30 ver 0.92;  Variable-width minipages
\@vwid@box=\box154
\sift@deathcycles=\count535
\@vwid@loff=\dimen365
\@vwid@roff=\dimen366
)) (C:\Users\ladis\scoop\apps\miktex\current\texmfs\install\tex/latex/oberdiek\centernot.sty
Package: centernot 2016/05/16 v1.4 Centers the not symbol horizontally (HO)
) (C:\Users\ladis\scoop\apps\miktex\current\texmfs\install\tex/latex/lipsum\lipsum.sty (C:\Users\ladis\scoop\apps\miktex\current\texmfs\install\tex/latex/l3packages/l3keys2e\l3keys2e.sty
Package: l3keys2e 2024-03-14 LaTeX2e option processing using LaTeX3 keys
)
Package: lipsum 2021-09-20 v2.7 150 paragraphs of Lorem Ipsum dummy text
\g__lipsum_par_int=\count536
\l__lipsum_a_int=\count537
\l__lipsum_b_int=\count538
 (C:\Users\ladis\scoop\apps\miktex\current\texmfs\install\tex/latex/lipsum\lipsum.ltd.tex))
\@quotelevel=\count539
\@quotereset=\count540
Package translations Info: No language package found. I am going to use `english' as default language. on input line 15.
LaTeX Font Info:    Trying to load font information for OT1+lmr on input line 15.
 (C:\Users\ladis\scoop\apps\miktex\current\texmfs\install\tex/latex/lm\ot1lmr.fd
File: ot1lmr.fd 2015/05/01 v1.6.1 Font defs for Latin Modern
) (master.aux)
\openout1 = `master.aux'.

LaTeX Font Info:    Checking defaults for OML/cmm/m/it on input line 15.
LaTeX Font Info:    ... okay on input line 15.
LaTeX Font Info:    Checking defaults for OMS/cmsy/m/n on input line 15.
LaTeX Font Info:    ... okay on input line 15.
LaTeX Font Info:    Checking defaults for OT1/cmr/m/n on input line 15.
LaTeX Font Info:    ... okay on input line 15.
LaTeX Font Info:    Checking defaults for T1/cmr/m/n on input line 15.
LaTeX Font Info:    ... okay on input line 15.
LaTeX Font Info:    Checking defaults for TS1/cmr/m/n on input line 15.
LaTeX Font Info:    ... okay on input line 15.
LaTeX Font Info:    Checking defaults for OMX/cmex/m/n on input line 15.
LaTeX Font Info:    ... okay on input line 15.
LaTeX Font Info:    Checking defaults for U/cmr/m/n on input line 15.
LaTeX Font Info:    ... okay on input line 15.
LaTeX Font Info:    Checking defaults for PD1/pdf/m/n on input line 15.
LaTeX Font Info:    ... okay on input line 15.
LaTeX Font Info:    Checking defaults for PU/pdf/m/n on input line 15.
LaTeX Font Info:    ... okay on input line 15.
Package biblatex Info: Trying to load language 'english'...
Package biblatex Info: ... file 'english.lbx' found.
 (C:\Users\ladis\scoop\apps\miktex\current\texmfs\install\tex/latex/biblatex/lbx\english.lbx
File: english.lbx 2024/03/21 v3.20 biblatex localization (PK/MW)
)
Package biblatex Info: Input encoding 'utf8' detected.
Package biblatex Info: Automatic encoding selection.
(biblatex)             Assuming data encoding 'utf8'.
\openout3 = `master.bcf'.

Package biblatex Info: Trying to load bibliographic data...
Package biblatex Info: ... file 'master.bbl' found.
 (master.bbl)
Package biblatex Info: Reference section=0 on input line 15.
Package biblatex Info: Reference segment=0 on input line 15.
Package hyperref Info: Link coloring ON on input line 15.
 (master.out) (master.out)
\@outlinefile=\write5
\openout5 = `master.out'.

 (C:\Users\ladis\scoop\apps\miktex\current\texmfs\install\tex/context/base/mkii\supp-pdf.mkii
[Loading MPS to PDF converter (version 2006.09.02).]
\scratchcounter=\count541
\scratchdimen=\dimen367
\scratchbox=\box155
\nofMPsegments=\count542
\nofMParguments=\count543
\everyMPshowfont=\toks59
\MPscratchCnt=\count544
\MPscratchDim=\dimen368
\MPnumerator=\count545
\makeMPintoPDFobject=\count546
\everyMPtoPDFconversion=\toks60
) (C:\Users\ladis\scoop\apps\miktex\current\texmfs\install\tex/latex/epstopdf-pkg\epstopdf-base.sty
Package: epstopdf-base 2020-01-24 v2.11 Base part for package epstopdf
Package epstopdf-base Info: Redefining graphics rule for `.eps' on input line 485.
 (C:\Users\ladis\scoop\apps\miktex\current\texmfs\install\tex/latex/00miktex\epstopdf-sys.cfg
File: epstopdf-sys.cfg 2021/03/18 v2.0 Configuration of epstopdf for MiKTeX
))
Package caption Info: Begin \AtBeginDocument code.
Package caption Info: End \AtBeginDocument code.

*geometry* driver: auto-detecting
*geometry* detected driver: pdftex
*geometry* verbose mode - [ preamble ] result:
* driver: pdftex
* paper: a4paper
* layout: <same size as paper>
* layoutoffset:(h,v)=(0.0pt,0.0pt)
* modes: 
* h-part:(L,W,R)=(42.67912pt, 512.14963pt, 42.67912pt)
* v-part:(T,H,B)=(42.67912pt, 759.6886pt, 42.67912pt)
* \paperwidth=597.50787pt
* \paperheight=845.04684pt
* \textwidth=512.14963pt
* \textheight=759.6886pt
* \oddsidemargin=-29.59087pt
* \evensidemargin=-29.59087pt
* \topmargin=-66.59087pt
* \headheight=12.0pt
* \headsep=25.0pt
* \topskip=10.0pt
* \footskip=30.0pt
* \marginparwidth=57.0pt
* \marginparsep=11.0pt
* \columnsep=10.0pt
* \skip\footins=9.0pt plus 4.0pt minus 2.0pt
* \hoffset=0.0pt
* \voffset=0.0pt
* \mag=1000
* \@twocolumnfalse
* \@twosidefalse
* \@mparswitchfalse
* \@reversemarginfalse
* (1in=72.27pt=25.4mm, 1cm=28.453pt)


Package siunitx Warning: Detected the "physics" package:
(siunitx)                omitting definition of \qty.
(siunitx)                
(siunitx)                If you want to use \qty with the siunitx definition,
(siunitx)                add 
(siunitx)                
(siunitx)                    \AtBeginDocument{\RenewCommandCopy\qty\SI}
(siunitx)                
(siunitx)                to your preamble.

(C:\Users\ladis\scoop\apps\miktex\current\texmfs\install\tex/latex/translations/dicts\translations-basic-dictionary-english.trsl
File: translations-basic-dictionary-english.trsl (english translation file `translations-basic-dictionary')
)
Package translations Info: loading dictionary `translations-basic-dictionary' for `english'. on input line 15.

Package pgfplots notification 'compat/show suggested version=true': you might benefit from \pgfplotsset{compat=1.18} (current compat level: 1.3).

LaTeX Font Info:    Trying to load font information for OML+lmm on input line 20.
(C:\Users\ladis\scoop\apps\miktex\current\texmfs\install\tex/latex/lm\omllmm.fd
File: omllmm.fd 2015/05/01 v1.6.1 Font defs for Latin Modern
)
LaTeX Font Info:    Trying to load font information for OMS+lmsy on input line 20.
 (C:\Users\ladis\scoop\apps\miktex\current\texmfs\install\tex/latex/lm\omslmsy.fd
File: omslmsy.fd 2015/05/01 v1.6.1 Font defs for Latin Modern
)
LaTeX Font Info:    Trying to load font information for OMX+lmex on input line 20.
 (C:\Users\ladis\scoop\apps\miktex\current\texmfs\install\tex/latex/lm\omxlmex.fd
File: omxlmex.fd 2015/05/01 v1.6.1 Font defs for Latin Modern
)
LaTeX Font Info:    External font `lmex10' loaded for size
(Font)              <12> on input line 20.
LaTeX Font Info:    External font `lmex10' loaded for size
(Font)              <8> on input line 20.
LaTeX Font Info:    External font `lmex10' loaded for size
(Font)              <6> on input line 20.
LaTeX Font Info:    Trying to load font information for U+msa on input line 20.
 (C:\Users\ladis\scoop\apps\miktex\current\texmfs\install\tex/latex/amsfonts\umsa.fd
File: umsa.fd 2013/01/14 v3.01 AMS symbols A
)
LaTeX Font Info:    Trying to load font information for U+msb on input line 20.
 (C:\Users\ladis\scoop\apps\miktex\current\texmfs\install\tex/latex/amsfonts\umsb.fd
File: umsb.fd 2013/01/14 v3.01 AMS symbols B
) (master.toc
LaTeX Font Info:    External font `lmex10' loaded for size
(Font)              <10> on input line 2.
LaTeX Font Info:    External font `lmex10' loaded for size
(Font)              <7> on input line 2.
LaTeX Font Info:    External font `lmex10' loaded for size
(Font)              <5> on input line 2.
)
\tf@toc=\write6
\openout6 = `master.toc'.

 [1

{C:/Users/ladis/scoop/apps/miktex/current/texmfs/data/fonts/map/pdftex/pdftex.map}{C:/Users/ladis/scoop/apps/miktex/current/texmfs/install/fonts/enc/dvips/lm/lm-rm.enc}] (Chapters/chap_1.tex
LaTeX Font Info:    Trying to load font information for OT1+lmss on input line 5.
 (C:\Users\ladis\scoop\apps\miktex\current\texmfs\install\tex/latex/lm\ot1lmss.fd
File: ot1lmss.fd 2015/05/01 v1.6.1 Font defs for Latin Modern
)
LaTeX Font Info:    Trying to load font information for TS1+lmr on input line 29.
 (C:\Users\ladis\scoop\apps\miktex\current\texmfs\install\tex/latex/lm\ts1lmr.fd
File: ts1lmr.fd 2015/05/01 v1.6.1 Font defs for Latin Modern
)
LaTeX Font Info:    Trying to load font information for U+bboldx on input line 65.
 (C:\Users\ladis\scoop\apps\miktex\current\texmfs\install\tex/latex/bboldx\ubboldx.fd
File: ubboldx.fd 2021/09/27 v1.0
)
LaTeX Font Info:    Font shape `U/bboldx/m/n' will be
(Font)              scaled to size 10.0pt on input line 65.
LaTeX Font Info:    Font shape `U/bboldx/m/n' will be
(Font)              scaled to size 7.0pt on input line 65.
LaTeX Font Info:    Font shape `U/bboldx/m/n' will be
(Font)              scaled to size 5.0pt on input line 65.
LaTeX Font Info:    Trying to load font information for OT1+lmtt on input line 72.
 (C:\Users\ladis\scoop\apps\miktex\current\texmfs\install\tex/latex/lm\ot1lmtt.fd
File: ot1lmtt.fd 2015/05/01 v1.6.1 Font defs for Latin Modern
) [1{C:/Users/ladis/scoop/apps/miktex/current/texmfs/install/fonts/enc/dvips/lm/lm-ts1.enc}{C:/Users/ladis/scoop/apps/miktex/current/texmfs/install/fonts/enc/dvips/lm/lm-mathex.enc}{C:/Users/ladis/scoop/apps/miktex/current/texmfs/install/fonts/enc/dvips/lm/lm-mathit.enc}{C:/Users/ladis/scoop/apps/miktex/current/texmfs/install/fonts/enc/dvips/lm/lm-mathsy.enc}{C:/Users/ladis/scoop/apps/miktex/current/texmfs/install/fonts/enc/dvips/bboldx/bboldx.enc}]) [2{C:/Users/ladis/scoop/apps/miktex/current/texmfs/install/fonts/enc/dvips/lm/lm-rmtt.enc}] (appendix.tex

Package hyperref Warning: Token not allowed in a PDF string (Unicode):
(hyperref)                removing `\new@ifnextchar' on input line 2.

)
Overfull \hbox (6.03093pt too wide) in paragraph at lines 48--48
[]\OT1/lmr/m/n/10 Pingbang Hu. \OT1/lmr/m/it/10 Note Tem-plate\OT1/lmr/m/n/10 . Last ac-cessed 14 Septem-ber 2023. 2023. \OT1/lmr/m/sc/10 url\OT1/lmr/m/n/10 : [][]$\OT1/lmtt/m/n/10 https : / / github . com / sleepymalc /
 []

[3{C:/Users/ladis/scoop/apps/miktex/current/texmfs/install/fonts/enc/dvips/lm/lm-rmsc.enc}] (master.aux)
 ***********
LaTeX2e <2023-11-01> patch level 1
L3 programming layer <2024-03-14>
 ***********
Package rerunfilecheck Info: File `master.out' has not changed.
(rerunfilecheck)             Checksum: 60B12DFCAC6FB0C713343619F26F16C4;860.
Package logreq Info: Writing requests to 'master.run.xml'.
\openout1 = `master.run.xml'.

 ) 
Here is how much of TeX's memory you used:
 58626 strings out of 474424
 1393545 string characters out of 5736530
 2335961 words of memory out of 5000000
 80051 multiletter control sequences out of 15000+600000
 645571 words of font info for 103 fonts, out of 8000000 for 9000
 1141 hyphenation exceptions out of 8191
 108i,16n,107p,789b,1888s stack positions out of 10000i,1000n,20000p,200000b,200000s
<C:/Users/ladis/scoop/apps/miktex/current/texmfs/install/fonts/type1/public/bboldx/BBOLDX-Regular.pfb><C:/Users/ladis/scoop/apps/miktex/current/texmfs/install/fonts/type1/public/lm/lmbx10.pfb><C:/Users/ladis/scoop/apps/miktex/current/texmfs/install/fonts/type1/public/lm/lmbx12.pfb><C:/Users/ladis/scoop/apps/miktex/current/texmfs/install/fonts/type1/public/lm/lmbx7.pfb><C:/Users/ladis/scoop/apps/miktex/current/texmfs/install/fonts/type1/public/lm/lmbx9.pfb><C:/Users/ladis/scoop/apps/miktex/current/texmfs/install/fonts/type1/public/lm/lmcsc10.pfb><C:/Users/ladis/scoop/apps/miktex/current/texmfs/install/fonts/type1/public/lm/lmex10.pfb><C:/Users/ladis/scoop/apps/miktex/current/texmfs/install/fonts/type1/public/lm/lmmi10.pfb><C:/Users/ladis/scoop/apps/miktex/current/texmfs/install/fonts/type1/public/lm/lmmi5.pfb><C:/Users/ladis/scoop/apps/miktex/current/texmfs/install/fonts/type1/public/lm/lmmi7.pfb><C:/Users/ladis/scoop/apps/miktex/current/texmfs/install/fonts/type1/public/lm/lmr10.pfb><C:/Users/ladis/scoop/apps/miktex/current/texmfs/install/fonts/type1/public/lm/lmr12.pfb><C:/Users/ladis/scoop/apps/miktex/current/texmfs/install/fonts/type1/public/lm/lmr17.pfb><C:/Users/ladis/scoop/apps/miktex/current/texmfs/install/fonts/type1/public/lm/lmr7.pfb><C:/Users/ladis/scoop/apps/miktex/current/texmfs/install/fonts/type1/public/lm/lmr9.pfb><C:/Users/ladis/scoop/apps/miktex/current/texmfs/install/fonts/type1/public/lm/lmri10.pfb><C:/Users/ladis/scoop/apps/miktex/current/texmfs/install/fonts/type1/public/lm/lmri7.pfb><C:/Users/ladis/scoop/apps/miktex/current/texmfs/install/fonts/type1/public/lm/lmro10.pfb><C:/Users/ladis/scoop/apps/miktex/current/texmfs/install/fonts/type1/public/lm/lmss10.pfb><C:/Users/ladis/scoop/apps/miktex/current/texmfs/install/fonts/type1/public/lm/lmssbx10.pfb><C:/Users/ladis/scoop/apps/miktex/current/texmfs/install/fonts/type1/public/lm/lmsy10.pfb><C:/Users/ladis/scoop/apps/miktex/current/texmfs/install/fonts/type1/public/lm/lmtt10.pfb><C:/Users/ladis/scoop/apps/miktex/current/texmfs/install/fonts/type1/public/amsfonts/symbols/msam10.pfb>
Output written on master.pdf (4 pages, 444656 bytes).
PDF statistics:
 221 PDF objects out of 1000 (max. 8388607)
 29 named destinations out of 1000 (max. 500000)
 69 words of extra memory for PDF output out of 10000 (max. 10000000)

